{"logLevel":"debug","message":"multithreading is set to false"}
{"logLevel":"debug","message":"Using reflection to scan dependencies for gauge implementations..."}
log4j:WARN No appenders could be found for logger (io.grpc.netty.shaded.io.netty.util.internal.logging.InternalLoggerFactory).
log4j:WARN Please initialize the log4j system properly.
log4j:WARN See http://logging.apache.org/log4j/1.2/faq.html#noconfig for more info.
{"logLevel":"debug","message":"gauge-java took 900milliseconds to load and scan. This should be less than 'runner_connection_timeout' config value."}
{"logLevel":"debug","message":"run 'gauge config runner_connection_timeout' and verify that it is < 900"}
{"logLevel":"debug","message":"starting gRPC server..."}
{"logLevel":"debug","message":"started gRPC server on port 63009"}
{"logLevel":"info","message":"Listening on port:63009"}
{"logLevel":"debug","message":"Scanning packages for steps"}
{"logLevel":"debug","message":"Comparing 'step.StepImplementation.bekle' and 'step.StepImplementation.bekle'"}
{"logLevel":"debug","message":"Found 1 sn bekle in current project scope."}
{"logLevel":"debug","message":"Comparing 'step.StepImplementation.clickElement' and 'step.StepImplementation.clickElement'"}
{"logLevel":"debug","message":"Found {} elementine tıkla in current project scope."}
{"logLevel":"debug","message":"Comparing 'step.StepImplementation.clickElement' and 'step.StepImplementation.clickElement'"}
{"logLevel":"debug","message":"Found click on the {} element in current project scope."}
{"logLevel":"debug","message":"Comparing 'step.StepImplementation.xd' and 'step.StepImplementation.xd'"}
{"logLevel":"debug","message":"Found naber {} in current project scope."}
{"logLevel":"debug","message":"Scanning packages for hooks"}
{"logLevel":"debug","message":"Scanned steps (using static parsing + reflections): "}
{"logLevel":"debug","message":"\t{} elementine tıkla : public void clickElement(String key)"}
{"logLevel":"debug","message":"\tclick on the {} element : public void clickElement(String key)"}
{"logLevel":"debug","message":"\tnaber {} : public void xd(String as)"}
{"logLevel":"debug","message":"\t1 sn bekle : public void bekle() throws InterruptedException"}






{"logLevel":"debug","message":"Executing '1 sn bekle' using 'class step.StepImplementation.bekle"}








{"logLevel":"debug","message":"Killing Java runner..."}
{"logLevel":"debug","message":"Stopping execution pool..."}
{"logLevel":"debug","message":"Shutting down grpc server..."}
{"logLevel":"debug","message":"Runner killed gracefully."}
