{"logLevel":"debug","message":"multithreading is set to false"}
{"logLevel":"debug","message":"Using reflection to scan dependencies for gauge implementations..."}
log4j:WARN No appenders could be found for logger (io.grpc.netty.shaded.io.netty.util.internal.logging.InternalLoggerFactory).
log4j:WARN Please initialize the log4j system properly.
log4j:WARN See http://logging.apache.org/log4j/1.2/faq.html#noconfig for more info.
{"logLevel":"debug","message":"gauge-java took 896milliseconds to load and scan. This should be less than 'runner_connection_timeout' config value."}
{"logLevel":"debug","message":"run 'gauge config runner_connection_timeout' and verify that it is < 896"}
{"logLevel":"debug","message":"starting gRPC server..."}
{"logLevel":"debug","message":"started gRPC server on port 60351"}
{"logLevel":"info","message":"Listening on port:60351"}
{"logLevel":"debug","message":"Scanning packages for steps"}
{"logLevel":"debug","message":"Comparing 'step.StepImplementation.getElementText' and 'step.StepImplementation.getElementText'"}
{"logLevel":"debug","message":"Found {} elementinin text değeri {} değerine eşit mi in current project scope."}
{"logLevel":"debug","message":"Comparing 'step.StepImplementation.getElementText' and 'step.StepImplementation.getElementText'"}
{"logLevel":"debug","message":"Found Is the text value of {} element is equal to {} in current project scope."}
{"logLevel":"debug","message":"Comparing 'step.StepImplementation.doesUrlEqual' and 'step.StepImplementation.doesUrlEqual'"}
{"logLevel":"debug","message":"Found Şu anki url {} ile aynı mı in current project scope."}
{"logLevel":"debug","message":"Comparing 'step.StepImplementation.doesUrlEqual' and 'step.StepImplementation.doesUrlEqual'"}
{"logLevel":"debug","message":"Found Is current url same with {} in current project scope."}
{"logLevel":"debug","message":"Comparing 'step.StepImplementation.clickElementWithCssSelector' and 'step.StepImplementation.clickElementWithCssSelector'"}
{"logLevel":"debug","message":"Found {} elementine css ile tıkla in current project scope."}
{"logLevel":"debug","message":"Comparing 'step.StepImplementation.clickElementWithCssSelector' and 'step.StepImplementation.clickElementWithCssSelector'"}
{"logLevel":"debug","message":"Found click on the {} element in current project scope."}
{"logLevel":"debug","message":"Comparing 'step.StepImplementation.clickElementWithId' and 'step.StepImplementation.clickElementWithId'"}
{"logLevel":"debug","message":"Found {} elementine id ile tıkla in current project scope."}
{"logLevel":"debug","message":"Comparing 'step.StepImplementation.sendKeysRandomFormatString' and 'step.StepImplementation.sendKeysRandomFormatString'"}
{"logLevel":"debug","message":"Found {} elementine {} uzunluğunda text değeri oluştur {} değerini {} ekle yaz in current project scope."}
{"logLevel":"debug","message":"Scanning packages for hooks"}
{"logLevel":"debug","message":"Scanned steps (using static parsing + reflections): "}
{"logLevel":"debug","message":"\t{} elementine css ile tıkla : public void clickElementWithCssSelector(String key)"}
{"logLevel":"debug","message":"\tIs the text value of {} element is equal to {} : public void getElementText(String key, String expectedText)"}
{"logLevel":"debug","message":"\tIs current url same with {} : public void doesUrlEqual(String url)"}
{"logLevel":"debug","message":"\t{} elementine id ile tıkla : public void clickElementWithId(String key)"}
{"logLevel":"debug","message":"\tclick on the {} element : public void clickElementWithCssSelector(String key)"}
{"logLevel":"debug","message":"\t{} elementine {} uzunluğunda text değeri oluştur {} değerini {} ekle yaz : public void sendKeysRandomFormatString(String key, ınt lenght, String format, String status)"}
{"logLevel":"debug","message":"\t{} elementinin text değeri {} değerine eşit mi : public void getElementText(String key, String expectedText)"}
{"logLevel":"debug","message":"\tŞu anki url {} ile aynı mı : public void doesUrlEqual(String url)"}




Haz 18, 2023 2:34:15 PM org.openqa.selenium.remote.DesiredCapabilities chrome
INFO: Using `new ChromeOptions()` is preferred to `DesiredCapabilities.chrome()`
Starting ChromeDriver 109.0.5414.74 (e7c5703604daa9cc128ccf5a5d3e993513758913-refs/branch-heads/5414@{#1172}) on port 22492
Only local connections are allowed.
Please see https://chromedriver.chromium.org/security-considerations for suggestions on keeping ChromeDriver safe.
ChromeDriver was started successfully.




{"logLevel":"debug","message":"Killing Java runner..."}
{"logLevel":"debug","message":"Stopping execution pool..."}
{"logLevel":"debug","message":"Shutting down grpc server..."}
{"logLevel":"debug","message":"Runner killed gracefully."}
